<?xml version="1.0" encoding="UTF-8"?>
<!-- Generated by org.testng.reporters.JUnitReportReporter -->
<testsuite hostname="DESKTOP-OV5LI8A" failures="0" tests="1" name="com.string.SoftAssertDemo" time="24.330" errors="0" timestamp="2022-03-30T14:29:18 IST" skipped="0">
  <testcase classname="com.string.SoftAssertDemo" name="verifyloginpage" time="24.330"/>
  <system-out/>
</testsuite> <!-- com.string.SoftAssertDemo -->
